Using pre-set license
Desktop is 1366 x 768 @ 60 Hz

 COMMAND LINE ARGUMENTS:
Unity
-adb2
-batchMode
-noUpm
-name
AssetImportWorker1
-projectPath
/home/owarido/c-sharp-for-unity
-logFile
Logs/AssetImportWorker1.log
-srvPort
41999
Successfully changed project path to: /home/owarido/c-sharp-for-unity
/home/owarido/c-sharp-for-unity
Using Asset Import Pipeline V2.
Refreshing native plugins compatible for Editor in 92,33 ms, found 1 plugins.
Preloading 0 native plugins for Editor in 0,00 ms.
Initialize engine version: 2020.3.4f1 (0abb6314276a)
[Subsystems] Discovering subsystems at path /home/owarido/Unity/Hub/Editor/2020.3.4f1/Editor/Data/Resources/UnitySubsystems
[Subsystems] Discovering subsystems at path /home/owarido/c-sharp-for-unity/Assets
GLX Extensions: GLX_ARB_create_context GLX_ARB_create_context_no_error GLX_ARB_create_context_profile GLX_ARB_create_context_robustness GLX_ARB_fbconfig_float GLX_ARB_framebuffer_sRGB GLX_ARB_get_proc_address GLX_ARB_multisample GLX_EXT_buffer_age GLX_EXT_create_context_es2_profile GLX_EXT_create_context_es_profile GLX_EXT_fbconfig_packed_float GLX_EXT_framebuffer_sRGB GLX_EXT_import_context GLX_EXT_swap_control GLX_EXT_swap_control_tear GLX_EXT_texture_from_pixmap GLX_EXT_visual_info GLX_EXT_visual_rating GLX_INTEL_swap_event GLX_MESA_copy_sub_buffer GLX_MESA_query_renderer GLX_MESA_swap_control GLX_OML_swap_method GLX_OML_sync_control GLX_SGIS_multisample GLX_SGIX_fbconfig GLX_SGIX_pbuffer GLX_SGIX_visual_select_group GLX_SGI_make_current_read GLX_SGI_swap_control GLX_SGI_video_sync 
Renderer: Mesa Intel(R) UHD Graphics (CML GT1)
Vendor:   Intel
Version:  4.6 (Core Profile) Mesa 21.0.3
GLES:     0
 GL_3DFX_texture_compression_FXT1 GL_AMD_conservative_depth GL_AMD_depth_clamp_separate GL_AMD_draw_buffers_blend GL_AMD_gpu_shader_int64 GL_AMD_multi_draw_indirect GL_AMD_performance_monitor GL_AMD_pinned_memory GL_AMD_query_buffer_object GL_AMD_seamless_cubemap_per_texture GL_AMD_shader_stencil_export GL_AMD_shader_trinary_minmax GL_AMD_texture_texture4 GL_AMD_vertex_shader_layer GL_AMD_vertex_shader_viewport_index GL_ANGLE_texture_compression_dxt3 GL_ANGLE_texture_compression_dxt5 GL_ARB_ES2_compatibility GL_ARB_ES3_1_compatibility GL_ARB_ES3_2_compatibility GL_ARB_ES3_compatibility GL_ARB_arrays_of_arrays GL_ARB_base_instance GL_ARB_blend_func_extended GL_ARB_buffer_storage GL_ARB_clear_buffer_object GL_ARB_clear_texture GL_ARB_clip_control GL_ARB_compressed_texture_pixel_storage GL_ARB_compute_shader GL_ARB_compute_variable_group_size GL_ARB_conditional_render_inverted GL_ARB_conservative_depth GL_ARB_copy_buffer GL_ARB_copy_image GL_ARB_cull_distance GL_ARB_debug_output GL_ARB_depth_buffer_float GL_ARB
_depth_clamp GL_ARB_derivative_control GL_ARB_direct_state_access GL_ARB_draw_buffers GL_ARB_draw_buffers_blend GL_ARB_draw_elements_base_vertex GL_ARB_draw_indirect GL_ARB_draw_instanced GL_ARB_enhanced_layouts GL_ARB_explicit_attrib_location GL_ARB_explicit_uniform_location GL_ARB_fragment_coord_conventions GL_ARB_fragment_layer_viewport GL_ARB_fragment_shader GL_ARB_fragment_shader_interlock GL_ARB_framebuffer_no_attachments GL_ARB_framebuffer_object GL_ARB_framebuffer_sRGB GL_ARB_get_program_binary GL_ARB_get_texture_sub_image GL_ARB_gl_spirv GL_ARB_gpu_shader5 GL_ARB_gpu_shader_fp64 GL_ARB_gpu_shader_int64 GL_ARB_half_float_pixel GL_ARB_half_float_vertex GL_ARB_indirect_parameters GL_ARB_instanced_arrays GL_ARB_internalformat_query GL_ARB_internalformat_query2 GL_ARB_invalidate_subdata GL_ARB_map_buffer_alignment GL_ARB_map_buffer_range GL_ARB_multi_bind GL_ARB_multi_draw_indirect GL_ARB_occlusion_query2 GL_ARB_parallel_shader_compile GL_ARB_pipeline_statistics_query GL_ARB_pixel_buffer_object GL_ARB_po
int_sprite GL_ARB_polygon_offset_clamp GL_ARB_post_depth_coverage GL_ARB_program_interface_query GL_ARB_provoking_vertex GL_ARB_query_buffer_object GL_ARB_robust_buffer_access_behavior GL_ARB_robustness GL_ARB_sample_shading GL_ARB_sampler_objects GL_ARB_seamless_cube_map GL_ARB_seamless_cubemap_per_texture GL_ARB_separate_shader_objects GL_ARB_shader_atomic_counter_ops GL_ARB_shader_atomic_counters GL_ARB_shader_ballot GL_ARB_shader_bit_encoding GL_ARB_shader_clock GL_ARB_shader_draw_parameters GL_ARB_shader_group_vote GL_ARB_shader_image_load_store GL_ARB_shader_image_size GL_ARB_shader_objects GL_ARB_shader_precision GL_ARB_shader_stencil_export GL_ARB_shader_storage_buffer_object GL_ARB_shader_subroutine GL_ARB_shader_texture_image_samples GL_ARB_shader_texture_lod GL_ARB_shader_viewport_layer_array GL_ARB_shading_language_420pack GL_ARB_shading_language_include GL_ARB_shading_language_packing GL_ARB_spirv_extensions GL_ARB_stencil_texturing GL_ARB_sync GL_ARB_tessellation_shader GL_ARB_texture_barrier G
L_ARB_texture_buffer_object GL_ARB_texture_buffer_object_rgb32 GL_ARB_texture_buffer_range GL_ARB_texture_compression_bptc GL_ARB_texture_compression_rgtc GL_ARB_texture_cube_map_array GL_ARB_texture_filter_anisotropic GL_ARB_texture_float GL_ARB_texture_gather GL_ARB_texture_mirror_clamp_to_edge GL_ARB_texture_multisample GL_ARB_texture_non_power_of_two GL_ARB_texture_query_levels GL_ARB_texture_query_lod GL_ARB_texture_rectangle GL_ARB_texture_rg GL_ARB_texture_rgb10_a2ui GL_ARB_texture_stencil8 GL_ARB_texture_storage GL_ARB_texture_storage_multisample GL_ARB_texture_swizzle GL_ARB_texture_view GL_ARB_timer_query GL_ARB_transform_feedback2 GL_ARB_transform_feedback3 GL_ARB_transform_feedback_instanced GL_ARB_transform_feedback_overflow_query GL_ARB_uniform_buffer_object GL_ARB_vertex_array_bgra GL_ARB_vertex_array_object GL_ARB_vertex_attrib_64bit GL_ARB_vertex_attrib_binding GL_ARB_vertex_buffer_object GL_ARB_vertex_shader GL_ARB_vertex_type_10f_11f_11f_rev GL_ARB_vertex_type_2_10_10_10_rev GL_ARB_viewpor
t_array GL_ATI_blend_equation_separate GL_ATI_texture_float GL_EXT_EGL_image_storage GL_EXT_EGL_sync GL_EXT_abgr GL_EXT_blend_equation_separate GL_EXT_demote_to_helper_invocation GL_EXT_draw_buffers2 GL_EXT_draw_instanced GL_EXT_framebuffer_blit GL_EXT_framebuffer_multisample GL_EXT_framebuffer_multisample_blit_scaled GL_EXT_framebuffer_object GL_EXT_framebuffer_sRGB GL_EXT_packed_depth_stencil GL_EXT_packed_float GL_EXT_pixel_buffer_object GL_EXT_polygon_offset_clamp GL_EXT_provoking_vertex GL_EXT_semaphore GL_EXT_semaphore_fd GL_EXT_shader_framebuffer_fetch GL_EXT_shader_framebuffer_fetch_non_coherent GL_EXT_shader_integer_mix GL_EXT_shader_samples_identical GL_EXT_texture_array GL_EXT_texture_compression_dxt1 GL_EXT_texture_compression_rgtc GL_EXT_texture_compression_s3tc GL_EXT_texture_filter_anisotropic GL_EXT_texture_integer GL_EXT_texture_sRGB GL_EXT_texture_sRGB_R8 GL_EXT_texture_sRGB_decode GL_EXT_texture_shadow_lod GL_EXT_texture_shared_exponent GL_EXT_texture_snorm GL_EXT_texture_swizzle GL_EXT_ti
mer_query GL_EXT_transform_feedback GL_EXT_vertex_array_bgra GL_EXT_vertex_attrib_64bit GL_IBM_multimode_draw_arrays GL_INTEL_blackhole_render GL_INTEL_conservative_rasterization GL_INTEL_performance_query GL_INTEL_shader_atomic_float_minmax GL_INTEL_shader_integer_functions2 GL_KHR_blend_equation_advanced GL_KHR_blend_equation_advanced_coherent GL_KHR_context_flush_control GL_KHR_debug GL_KHR_no_error GL_KHR_parallel_shader_compile GL_KHR_robust_buffer_access_behavior GL_KHR_robustness GL_KHR_texture_compression_astc_ldr GL_KHR_texture_compression_astc_sliced_3d GL_MESA_framebuffer_flip_y GL_MESA_pack_invert GL_MESA_shader_integer_functions GL_MESA_texture_signed_rgba GL_NV_compute_shader_derivatives GL_NV_conditional_render GL_NV_copy_image GL_NV_depth_clamp GL_NV_fragment_shader_interlock GL_NV_packed_depth_stencil GL_NV_texture_barrier GL_OES_EGL_image GL_S3_s3tc
OPENGL LOG: Creating OpenGL 4.6 graphics device ; Context level  <OpenGL 4.5> ; Context handle -929435104
Initialize mono
Mono path[0] = '/home/owarido/Unity/Hub/Editor/2020.3.4f1/Editor/Data/Managed'
Mono path[1] = '/home/owarido/Unity/Hub/Editor/2020.3.4f1/Editor/Data/MonoBleedingEdge/lib/mono/unityjit'
Mono config path = '/home/owarido/Unity/Hub/Editor/2020.3.4f1/Editor/Data/MonoBleedingEdge/etc'
Using monoOptions --debugger-agent=transport=dt_socket,embedding=1,server=y,suspend=n,address=127.0.0.1:56609
Begin MonoManager ReloadAssembly
Registering precompiled unity dll's ...
Register platform support module: /home/owarido/Unity/Hub/Editor/2020.3.4f1/Editor/Data/PlaybackEngines/WebGLSupport/UnityEditor.WebGL.Extensions.dll
Register platform support module: /home/owarido/Unity/Hub/Editor/2020.3.4f1/Editor/Data/PlaybackEngines/WindowsStandaloneSupport/UnityEditor.WindowsStandalone.Extensions.dll
Register platform support module: /home/owarido/Unity/Hub/Editor/2020.3.4f1/Editor/Data/PlaybackEngines/LinuxStandaloneSupport/UnityEditor.LinuxStandalone.Extensions.dll
Registered in 0,002425 seconds.
Native extension for LinuxStandalone target not found
Native extension for WindowsStandalone target not found
Native extension for WebGL target not found
Refreshing native plugins compatible for Editor in 76,09 ms, found 1 plugins.
Preloading 0 native plugins for Editor in 0,00 ms.
Mono: successfully reloaded assembly
- Completed reload, in  3,242 seconds
Platform modules already initialized, skipping
Registering precompiled user dll's ...
Registered in 0,001042 seconds.
Begin MonoManager ReloadAssembly
Native extension for LinuxStandalone target not found
Native extension for WindowsStandalone target not found
Native extension for WebGL target not found
Refreshing native plugins compatible for Editor in 73,62 ms, found 1 plugins.
Preloading 0 native plugins for Editor in 0,00 ms.
Mono: successfully reloaded assembly
- Completed reload, in  1,863 seconds
Platform modules already initialized, skipping
========================================================================
Worker process is ready to serve import requests
Launched and connected shader compiler UnityShaderCompiler after 0.06 seconds
Refreshing native plugins compatible for Editor in 0,86 ms, found 1 plugins.
Preloading 0 native plugins for Editor in 0,00 ms.
Unloading 1818 Unused Serialized files (Serialized files now loaded: 0)
System memory in use before: 79,4 MB.
System memory in use after: 79,3 MB.

Unloading 24 unused Assets to reduce memory usage. Loaded Objects now: 2260.
Total: 9,750383 ms (FindLiveObjects: 0,524080 ms CreateObjectMapping: 0,223838 ms MarkObjects: 8,036424 ms  DeleteObjects: 0,961510 ms)

========================================================================
Received Import Request.
  path: Assets/Scripts/variaveis.cs
  artifactKey: Guid(14d59934cc5b77fc9a01174c2f16ef92) Importer(815301076,1909f56bfc062723c751e8b465ee728b)
Start importing Assets/Scripts/variaveis.cs using Guid(14d59934cc5b77fc9a01174c2f16ef92) Importer(815301076,1909f56bfc062723c751e8b465ee728b)  -> (artifact id: '73c68ad41a7fe16543d14b174d7d228b') in 0,049077 seconds
  Import took 0,084725 seconds .

========================================================================
Received Import Request.
  Time since last request: 47,371361 seconds.
  path: Assets/Scripts/switch.cs
  artifactKey: Guid(f47549fe0df37a23bbf76d0b4397b30f) Importer(815301076,1909f56bfc062723c751e8b465ee728b)
Start importing Assets/Scripts/switch.cs using Guid(f47549fe0df37a23bbf76d0b4397b30f) Importer(815301076,1909f56bfc062723c751e8b465ee728b)  -> (artifact id: 'f974906492ca49afbf8f9e0a0f2f6c03') in 0,001618 seconds
  Import took 0,008340 seconds .

========================================================================
Received Import Request.
  Time since last request: 390,601949 seconds.
  path: Assets/Scripts/condicional.cs
  artifactKey: Guid(6f7b9929a1d74b8e48e774f9e17a9c07) Importer(815301076,1909f56bfc062723c751e8b465ee728b)
Start importing Assets/Scripts/condicional.cs using Guid(6f7b9929a1d74b8e48e774f9e17a9c07) Importer(815301076,1909f56bfc062723c751e8b465ee728b)  -> (artifact id: '2b50f04001be47a0bfac4797d7d1cc49') in 0,330170 seconds
  Import took 0,728756 seconds .

========================================================================
Received Prepare
Registering precompiled user dll's ...
Registered in 0,058872 seconds.
Begin MonoManager ReloadAssembly
Native extension for LinuxStandalone target not found
Native extension for WindowsStandalone target not found
Native extension for WebGL target not found
Refreshing native plugins compatible for Editor in 0,66 ms, found 1 plugins.
Preloading 0 native plugins for Editor in 0,00 ms.
Mono: successfully reloaded assembly
- Completed reload, in  4,772 seconds
Platform modules already initialized, skipping
Refreshing native plugins compatible for Editor in 0,88 ms, found 1 plugins.
Preloading 0 native plugins for Editor in 0,00 ms.
Unloading 1814 Unused Serialized files (Serialized files now loaded: 0)
System memory in use before: 79,3 MB.
System memory in use after: 79,3 MB.

Unloading 12 unused Assets to reduce memory usage. Loaded Objects now: 2265.
Total: 40,966266 ms (FindLiveObjects: 0,313774 ms CreateObjectMapping: 0,133002 ms MarkObjects: 26,275137 ms  DeleteObjects: 14,240523 ms)

========================================================================
Received Import Request.
  Time since last request: 181,406179 seconds.
  path: Assets/Scripts/estruturaSwitch.cs
  artifactKey: Guid(75276d5598d1b1695856512c07c6b7af) Importer(815301076,1909f56bfc062723c751e8b465ee728b)
Start importing Assets/Scripts/estruturaSwitch.cs using Guid(75276d5598d1b1695856512c07c6b7af) Importer(815301076,1909f56bfc062723c751e8b465ee728b)  -> (artifact id: '869f0f1a34c06621e215f6baa9da4684') in 0,112273 seconds
  Import took 0,146032 seconds .

========================================================================
Received Prepare
Registering precompiled user dll's ...
Registered in 0,009781 seconds.
Begin MonoManager ReloadAssembly
Native extension for LinuxStandalone target not found
Native extension for WindowsStandalone target not found
Native extension for WebGL target not found
Refreshing native plugins compatible for Editor in 0,53 ms, found 1 plugins.
Preloading 0 native plugins for Editor in 0,00 ms.
Mono: successfully reloaded assembly
- Completed reload, in  2,164 seconds
Platform modules already initialized, skipping
Refreshing native plugins compatible for Editor in 1,88 ms, found 1 plugins.
Preloading 0 native plugins for Editor in 0,00 ms.
Unloading 1814 Unused Serialized files (Serialized files now loaded: 0)
System memory in use before: 79,4 MB.
System memory in use after: 79,4 MB.

Unloading 12 unused Assets to reduce memory usage. Loaded Objects now: 2269.
Total: 16,229206 ms (FindLiveObjects: 0,412842 ms CreateObjectMapping: 0,229393 ms MarkObjects: 15,362558 ms  DeleteObjects: 0,221237 ms)

========================================================================
Received Prepare
Registering precompiled user dll's ...
Registered in 0,017486 seconds.
Begin MonoManager ReloadAssembly
Native extension for LinuxStandalone target not found
Native extension for WindowsStandalone target not found
Native extension for WebGL target not found
Refreshing native plugins compatible for Editor in 0,56 ms, found 1 plugins.
Preloading 0 native plugins for Editor in 0,00 ms.
Mono: successfully reloaded assembly
- Completed reload, in  2,224 seconds
Platform modules already initialized, skipping
Refreshing native plugins compatible for Editor in 1,04 ms, found 1 plugins.
Preloading 0 native plugins for Editor in 0,00 ms.
Unloading 1815 Unused Serialized files (Serialized files now loaded: 0)
System memory in use before: 79,4 MB.
System memory in use after: 79,4 MB.

Unloading 12 unused Assets to reduce memory usage. Loaded Objects now: 2274.
Total: 9,622243 ms (FindLiveObjects: 0,619635 ms CreateObjectMapping: 0,283082 ms MarkObjects: 7,878529 ms  DeleteObjects: 0,836147 ms)

========================================================================
Received Import Request.
  Time since last request: 6327,342977 seconds.
  path: Assets/Scripts/estruturaFor.cs
  artifactKey: Guid(5a9168db9eed91b659db610375e57e2a) Importer(815301076,1909f56bfc062723c751e8b465ee728b)
Start importing Assets/Scripts/estruturaFor.cs using Guid(5a9168db9eed91b659db610375e57e2a) Importer(815301076,1909f56bfc062723c751e8b465ee728b)  -> (artifact id: 'c79e24b9adb023f11f2e9abb49f522a7') in 0,044774 seconds
  Import took 0,180868 seconds .

========================================================================
Received Prepare
Registering precompiled user dll's ...
Registered in 0,071783 seconds.
Begin MonoManager ReloadAssembly
Native extension for LinuxStandalone target not found
Native extension for WindowsStandalone target not found
Native extension for WebGL target not found
Refreshing native plugins compatible for Editor in 25,44 ms, found 1 plugins.
Preloading 0 native plugins for Editor in 0,00 ms.
Mono: successfully reloaded assembly
- Completed reload, in  2,296 seconds
Platform modules already initialized, skipping
Refreshing native plugins compatible for Editor in 0,85 ms, found 1 plugins.
Preloading 0 native plugins for Editor in 0,00 ms.
Unloading 1815 Unused Serialized files (Serialized files now loaded: 0)
System memory in use before: 79,4 MB.
System memory in use after: 79,4 MB.

Unloading 12 unused Assets to reduce memory usage. Loaded Objects now: 2278.
Total: 11,045108 ms (FindLiveObjects: 0,486440 ms CreateObjectMapping: 0,205722 ms MarkObjects: 10,139652 ms  DeleteObjects: 0,208034 ms)

========================================================================
Received Prepare
Registering precompiled user dll's ...
Registered in 0,230341 seconds.
Begin MonoManager ReloadAssembly
Native extension for LinuxStandalone target not found
Native extension for WindowsStandalone target not found
Native extension for WebGL target not found
Refreshing native plugins compatible for Editor in 15,36 ms, found 1 plugins.
Preloading 0 native plugins for Editor in 0,00 ms.
Mono: successfully reloaded assembly
- Completed reload, in 69,856 seconds
Platform modules already initialized, skipping
Refreshing native plugins compatible for Editor in 0,95 ms, found 1 plugins.
Preloading 0 native plugins for Editor in 0,00 ms.
Unloading 1815 Unused Serialized files (Serialized files now loaded: 0)
System memory in use before: 79,4 MB.
System memory in use after: 79,4 MB.

Unloading 12 unused Assets to reduce memory usage. Loaded Objects now: 2282.
Total: 129,166445 ms (FindLiveObjects: 5,411141 ms CreateObjectMapping: 0,194439 ms MarkObjects: 123,104785 ms  DeleteObjects: 0,451479 ms)

========================================================================
Received Prepare
Registering precompiled user dll's ...
Registered in 0,021530 seconds.
Begin MonoManager ReloadAssembly
Native extension for LinuxStandalone target not found
Native extension for WindowsStandalone target not found
Native extension for WebGL target not found
Refreshing native plugins compatible for Editor in 0,59 ms, found 1 plugins.
Preloading 0 native plugins for Editor in 0,00 ms.
Mono: successfully reloaded assembly
- Completed reload, in  2,065 seconds
Platform modules already initialized, skipping
Refreshing native plugins compatible for Editor in 1,03 ms, found 1 plugins.
Preloading 0 native plugins for Editor in 0,00 ms.
Unloading 1815 Unused Serialized files (Serialized files now loaded: 0)
System memory in use before: 79,4 MB.
System memory in use after: 79,4 MB.

Unloading 12 unused Assets to reduce memory usage. Loaded Objects now: 2286.
Total: 13,213527 ms (FindLiveObjects: 0,971088 ms CreateObjectMapping: 0,321405 ms MarkObjects: 11,554923 ms  DeleteObjects: 0,361213 ms)

========================================================================
Received Prepare
Registering precompiled user dll's ...
Registered in 0,000992 seconds.
Begin MonoManager ReloadAssembly
Native extension for LinuxStandalone target not found
Native extension for WindowsStandalone target not found
Native extension for WebGL target not found
Refreshing native plugins compatible for Editor in 0,66 ms, found 1 plugins.
Preloading 0 native plugins for Editor in 0,00 ms.
Mono: successfully reloaded assembly
- Completed reload, in  2,225 seconds
Platform modules already initialized, skipping
Refreshing native plugins compatible for Editor in 0,56 ms, found 1 plugins.
Preloading 0 native plugins for Editor in 0,00 ms.
Unloading 1816 Unused Serialized files (Serialized files now loaded: 0)
System memory in use before: 79,5 MB.
System memory in use after: 79,5 MB.

Unloading 12 unused Assets to reduce memory usage. Loaded Objects now: 2291.
Total: 6,022652 ms (FindLiveObjects: 0,497616 ms CreateObjectMapping: 0,245167 ms MarkObjects: 5,056314 ms  DeleteObjects: 0,220664 ms)

========================================================================
Received Import Request.
  Time since last request: 6044,870551 seconds.
  path: Assets/Scripts/arrays.cs
  artifactKey: Guid(2d537c0071e61f9fc93ffb823574cc78) Importer(815301076,1909f56bfc062723c751e8b465ee728b)
Start importing Assets/Scripts/arrays.cs using Guid(2d537c0071e61f9fc93ffb823574cc78) Importer(815301076,1909f56bfc062723c751e8b465ee728b)  -> (artifact id: '2abe711e8e7d2e3cee162af854603fe2') in 0,310191 seconds
  Import took 0,358078 seconds .

========================================================================
Received Prepare
Registering precompiled user dll's ...
Registered in 0,023672 seconds.
Begin MonoManager ReloadAssembly
Native extension for LinuxStandalone target not found
Native extension for WindowsStandalone target not found
Native extension for WebGL target not found
Refreshing native plugins compatible for Editor in 0,76 ms, found 1 plugins.
Preloading 0 native plugins for Editor in 0,00 ms.
Mono: successfully reloaded assembly
- Completed reload, in  3,273 seconds
Platform modules already initialized, skipping
Refreshing native plugins compatible for Editor in 1,00 ms, found 1 plugins.
Preloading 0 native plugins for Editor in 0,00 ms.
Unloading 1816 Unused Serialized files (Serialized files now loaded: 0)
System memory in use before: 79,5 MB.
System memory in use after: 79,5 MB.

Unloading 12 unused Assets to reduce memory usage. Loaded Objects now: 2295.
Total: 9,402025 ms (FindLiveObjects: 0,423890 ms CreateObjectMapping: 0,185278 ms MarkObjects: 8,601083 ms  DeleteObjects: 0,188416 ms)

========================================================================
Received Import Request.
  Time since last request: 895,628391 seconds.
  path: Assets/Scripts/estruturaFor.cs
  artifactKey: Guid(5a9168db9eed91b659db610375e57e2a) Importer(815301076,1909f56bfc062723c751e8b465ee728b)
Start importing Assets/Scripts/estruturaFor.cs using Guid(5a9168db9eed91b659db610375e57e2a) Importer(815301076,1909f56bfc062723c751e8b465ee728b)  -> (artifact id: 'b1455162dd3480e24863cee6c20cf1d7') in 0,125810 seconds
  Import took 0,131177 seconds .

========================================================================
Received Import Request.
  Time since last request: 0,113262 seconds.
  path: Assets/Scripts/estruturaFor.cs
  artifactKey: Guid(5a9168db9eed91b659db610375e57e2a) Importer(815301076,1909f56bfc062723c751e8b465ee728b)
Start importing Assets/Scripts/estruturaFor.cs using Guid(5a9168db9eed91b659db610375e57e2a) Importer(815301076,1909f56bfc062723c751e8b465ee728b)  -> (artifact id: 'b1455162dd3480e24863cee6c20cf1d7') in 0,001164 seconds
  Import took 0,044093 seconds .

========================================================================
Received Prepare
Registering precompiled user dll's ...
Registered in 0,035568 seconds.
Begin MonoManager ReloadAssembly
Native extension for LinuxStandalone target not found
Native extension for WindowsStandalone target not found
Native extension for WebGL target not found
Refreshing native plugins compatible for Editor in 0,68 ms, found 1 plugins.
Preloading 0 native plugins for Editor in 0,00 ms.
Mono: successfully reloaded assembly
- Completed reload, in  3,289 seconds
Platform modules already initialized, skipping
Refreshing native plugins compatible for Editor in 1,45 ms, found 1 plugins.
Preloading 0 native plugins for Editor in 0,00 ms.
Unloading 1816 Unused Serialized files (Serialized files now loaded: 0)
System memory in use before: 79,5 MB.
System memory in use after: 79,5 MB.

Unloading 12 unused Assets to reduce memory usage. Loaded Objects now: 2299.
Total: 236,161355 ms (FindLiveObjects: 101,740612 ms CreateObjectMapping: 0,361082 ms MarkObjects: 133,743756 ms  DeleteObjects: 0,310798 ms)

========================================================================
Received Prepare
Registering precompiled user dll's ...
Registered in 0,001852 seconds.
Begin MonoManager ReloadAssembly
Native extension for LinuxStandalone target not found
Native extension for WindowsStandalone target not found
Native extension for WebGL target not found
Refreshing native plugins compatible for Editor in 0,67 ms, found 1 plugins.
Preloading 0 native plugins for Editor in 0,00 ms.
Mono: successfully reloaded assembly
- Completed reload, in  2,699 seconds
Platform modules already initialized, skipping
Refreshing native plugins compatible for Editor in 0,75 ms, found 1 plugins.
Preloading 0 native plugins for Editor in 0,00 ms.
Unloading 1816 Unused Serialized files (Serialized files now loaded: 0)
System memory in use before: 79,5 MB.
System memory in use after: 79,5 MB.

Unloading 12 unused Assets to reduce memory usage. Loaded Objects now: 2303.
Total: 41,210986 ms (FindLiveObjects: 0,369146 ms CreateObjectMapping: 0,161922 ms MarkObjects: 40,487598 ms  DeleteObjects: 0,188485 ms)

========================================================================
Received Prepare
Registering precompiled user dll's ...
Registered in 0,001010 seconds.
Begin MonoManager ReloadAssembly
Native extension for LinuxStandalone target not found
Native extension for WindowsStandalone target not found
Native extension for WebGL target not found
Refreshing native plugins compatible for Editor in 0,55 ms, found 1 plugins.
Preloading 0 native plugins for Editor in 0,00 ms.
Mono: successfully reloaded assembly
- Completed reload, in  2,352 seconds
Platform modules already initialized, skipping
Refreshing native plugins compatible for Editor in 0,93 ms, found 1 plugins.
Preloading 0 native plugins for Editor in 0,00 ms.
Unloading 1816 Unused Serialized files (Serialized files now loaded: 0)
System memory in use before: 79,5 MB.
System memory in use after: 79,5 MB.

Unloading 12 unused Assets to reduce memory usage. Loaded Objects now: 2307.
Total: 18,084766 ms (FindLiveObjects: 0,522267 ms CreateObjectMapping: 0,243562 ms MarkObjects: 16,965488 ms  DeleteObjects: 0,347832 ms)

========================================================================
Received Prepare
Registering precompiled user dll's ...
Registered in 0,017011 seconds.
Begin MonoManager ReloadAssembly
Native extension for LinuxStandalone target not found
Native extension for WindowsStandalone target not found
Native extension for WebGL target not found
Refreshing native plugins compatible for Editor in 0,60 ms, found 1 plugins.
Preloading 0 native plugins for Editor in 0,00 ms.
Mono: successfully reloaded assembly
- Completed reload, in  2,687 seconds
Platform modules already initialized, skipping
Refreshing native plugins compatible for Editor in 0,60 ms, found 1 plugins.
Preloading 0 native plugins for Editor in 0,00 ms.
Unloading 1816 Unused Serialized files (Serialized files now loaded: 0)
System memory in use before: 79,5 MB.
System memory in use after: 79,5 MB.

Unloading 12 unused Assets to reduce memory usage. Loaded Objects now: 2311.
Total: 6,713824 ms (FindLiveObjects: 0,418039 ms CreateObjectMapping: 0,195969 ms MarkObjects: 5,902811 ms  DeleteObjects: 0,193196 ms)

========================================================================
Received Prepare
Registering precompiled user dll's ...
Registered in 0,004011 seconds.
Begin MonoManager ReloadAssembly
Native extension for LinuxStandalone target not found
Native extension for WindowsStandalone target not found
Native extension for WebGL target not found
Refreshing native plugins compatible for Editor in 0,96 ms, found 1 plugins.
Preloading 0 native plugins for Editor in 0,00 ms.
Mono: successfully reloaded assembly
- Completed reload, in 32,764 seconds
Platform modules already initialized, skipping
Refreshing native plugins compatible for Editor in 1,05 ms, found 1 plugins.
Preloading 0 native plugins for Editor in 0,00 ms.
Unloading 1816 Unused Serialized files (Serialized files now loaded: 0)
System memory in use before: 79,5 MB.
System memory in use after: 79,5 MB.

Unloading 12 unused Assets to reduce memory usage. Loaded Objects now: 2315.
Total: 18,260604 ms (FindLiveObjects: 0,536259 ms CreateObjectMapping: 0,207187 ms MarkObjects: 17,193769 ms  DeleteObjects: 0,318597 ms)

========================================================================
Received Prepare
Registering precompiled user dll's ...
Registered in 0,032131 seconds.
Begin MonoManager ReloadAssembly
Native extension for LinuxStandalone target not found
Native extension for WindowsStandalone target not found
Native extension for WebGL target not found
Refreshing native plugins compatible for Editor in 0,76 ms, found 1 plugins.
Preloading 0 native plugins for Editor in 0,00 ms.
Mono: successfully reloaded assembly
- Completed reload, in  1,743 seconds
Platform modules already initialized, skipping
Refreshing native plugins compatible for Editor in 1,02 ms, found 1 plugins.
Preloading 0 native plugins for Editor in 0,00 ms.
Unloading 1816 Unused Serialized files (Serialized files now loaded: 0)
System memory in use before: 79,5 MB.
System memory in use after: 79,5 MB.

Unloading 12 unused Assets to reduce memory usage. Loaded Objects now: 2319.
Total: 18,565766 ms (FindLiveObjects: 0,618890 ms CreateObjectMapping: 0,257205 ms MarkObjects: 17,313009 ms  DeleteObjects: 0,369387 ms)

========================================================================
Received Import Request.
  Time since last request: 6329,523325 seconds.
  path: Assets/Scripts/listas.cs
  artifactKey: Guid(3958cdd3088d16f08a62089764c34f6c) Importer(815301076,1909f56bfc062723c751e8b465ee728b)
Start importing Assets/Scripts/listas.cs using Guid(3958cdd3088d16f08a62089764c34f6c) Importer(815301076,1909f56bfc062723c751e8b465ee728b)  -> (artifact id: 'c517f64806034f48d548eb486e7b9cd3') in 0,382663 seconds
  Import took 0,419159 seconds .

========================================================================
Received Prepare
Registering precompiled user dll's ...
Registered in 0,000972 seconds.
Begin MonoManager ReloadAssembly
Native extension for LinuxStandalone target not found
Native extension for WindowsStandalone target not found
Native extension for WebGL target not found
Refreshing native plugins compatible for Editor in 0,56 ms, found 1 plugins.
Preloading 0 native plugins for Editor in 0,00 ms.
Mono: successfully reloaded assembly
- Completed reload, in  1,670 seconds
Platform modules already initialized, skipping
Refreshing native plugins compatible for Editor in 0,53 ms, found 1 plugins.
Preloading 0 native plugins for Editor in 0,00 ms.
Unloading 1817 Unused Serialized files (Serialized files now loaded: 0)
System memory in use before: 79,5 MB.
System memory in use after: 79,5 MB.

Unloading 12 unused Assets to reduce memory usage. Loaded Objects now: 2324.
Total: 4,848108 ms (FindLiveObjects: 0,319365 ms CreateObjectMapping: 0,124371 ms MarkObjects: 4,195055 ms  DeleteObjects: 0,206901 ms)

========================================================================
Received Prepare
Registering precompiled user dll's ...
Registered in 0,072144 seconds.
Begin MonoManager ReloadAssembly
Native extension for LinuxStandalone target not found
Native extension for WindowsStandalone target not found
Native extension for WebGL target not found
Refreshing native plugins compatible for Editor in 23,30 ms, found 1 plugins.
Preloading 0 native plugins for Editor in 0,00 ms.
Mono: successfully reloaded assembly
- Completed reload, in 74,215 seconds
Platform modules already initialized, skipping
Refreshing native plugins compatible for Editor in 0,61 ms, found 1 plugins.
Preloading 0 native plugins for Editor in 0,00 ms.
Unloading 1817 Unused Serialized files (Serialized files now loaded: 0)
System memory in use before: 79,5 MB.
System memory in use after: 79,5 MB.

Unloading 12 unused Assets to reduce memory usage. Loaded Objects now: 2328.
Total: 101,102620 ms (FindLiveObjects: 2,584922 ms CreateObjectMapping: 0,210896 ms MarkObjects: 98,101543 ms  DeleteObjects: 0,200048 ms)

========================================================================
Received Prepare
Registering precompiled user dll's ...
Registered in 0,026857 seconds.
Begin MonoManager ReloadAssembly
Native extension for LinuxStandalone target not found
Native extension for WindowsStandalone target not found
Native extension for WebGL target not found
Refreshing native plugins compatible for Editor in 0,60 ms, found 1 plugins.
Preloading 0 native plugins for Editor in 0,00 ms.
Mono: successfully reloaded assembly
- Completed reload, in  4,573 seconds
Platform modules already initialized, skipping
Refreshing native plugins compatible for Editor in 0,61 ms, found 1 plugins.
Preloading 0 native plugins for Editor in 0,00 ms.
Unloading 1817 Unused Serialized files (Serialized files now loaded: 0)
System memory in use before: 79,5 MB.
System memory in use after: 79,5 MB.

Unloading 12 unused Assets to reduce memory usage. Loaded Objects now: 2332.
Total: 21,276359 ms (FindLiveObjects: 0,329770 ms CreateObjectMapping: 0,115106 ms MarkObjects: 20,626243 ms  DeleteObjects: 0,201937 ms)

========================================================================
Received Prepare
Registering precompiled user dll's ...
Registered in 0,001139 seconds.
Begin MonoManager ReloadAssembly
Native extension for LinuxStandalone target not found
Native extension for WindowsStandalone target not found
Native extension for WebGL target not found
Refreshing native plugins compatible for Editor in 1,29 ms, found 1 plugins.
Preloading 0 native plugins for Editor in 0,00 ms.
Mono: successfully reloaded assembly
- Completed reload, in  1,950 seconds
Platform modules already initialized, skipping
Refreshing native plugins compatible for Editor in 1,08 ms, found 1 plugins.
Preloading 0 native plugins for Editor in 0,00 ms.
Unloading 1817 Unused Serialized files (Serialized files now loaded: 0)
System memory in use before: 79,5 MB.
System memory in use after: 79,5 MB.

Unloading 12 unused Assets to reduce memory usage. Loaded Objects now: 2336.
Total: 6,631621 ms (FindLiveObjects: 0,323188 ms CreateObjectMapping: 0,137125 ms MarkObjects: 5,964413 ms  DeleteObjects: 0,203867 ms)

========================================================================
Received Prepare
Registering precompiled user dll's ...
Registered in 0,001885 seconds.
Begin MonoManager ReloadAssembly
Native extension for LinuxStandalone target not found
Native extension for WindowsStandalone target not found
Native extension for WebGL target not found
Refreshing native plugins compatible for Editor in 2,31 ms, found 1 plugins.
Preloading 0 native plugins for Editor in 0,00 ms.
Mono: successfully reloaded assembly
- Completed reload, in  4,890 seconds
Platform modules already initialized, skipping
Refreshing native plugins compatible for Editor in 0,56 ms, found 1 plugins.
Preloading 0 native plugins for Editor in 0,00 ms.
Unloading 1817 Unused Serialized files (Serialized files now loaded: 0)
System memory in use before: 79,6 MB.
System memory in use after: 79,6 MB.

Unloading 12 unused Assets to reduce memory usage. Loaded Objects now: 2340.
Total: 9,218888 ms (FindLiveObjects: 0,613284 ms CreateObjectMapping: 1,972288 ms MarkObjects: 6,443566 ms  DeleteObjects: 0,185676 ms)

========================================================================
Received Import Request.
  Time since last request: 7868,158125 seconds.
  path: Assets/Scripts/dicionarios.cs
  artifactKey: Guid(5ae700435dc511542a0bad07444b11f7) Importer(815301076,1909f56bfc062723c751e8b465ee728b)
Start importing Assets/Scripts/dicionarios.cs using Guid(5ae700435dc511542a0bad07444b11f7) Importer(815301076,1909f56bfc062723c751e8b465ee728b)  -> (artifact id: 'c7c78e643f3a5f69a880ff9e70739cf8') in 0,225973 seconds
  Import took 0,287866 seconds .

========================================================================
Received Prepare
Registering precompiled user dll's ...
Registered in 0,001437 seconds.
Begin MonoManager ReloadAssembly
Native extension for LinuxStandalone target not found
Native extension for WindowsStandalone target not found
Native extension for WebGL target not found
Refreshing native plugins compatible for Editor in 0,62 ms, found 1 plugins.
Preloading 0 native plugins for Editor in 0,00 ms.
Mono: successfully reloaded assembly
- Completed reload, in  1,813 seconds
Platform modules already initialized, skipping
Refreshing native plugins compatible for Editor in 0,52 ms, found 1 plugins.
Preloading 0 native plugins for Editor in 0,00 ms.
Unloading 1818 Unused Serialized files (Serialized files now loaded: 0)
System memory in use before: 79,6 MB.
System memory in use after: 79,6 MB.

Unloading 12 unused Assets to reduce memory usage. Loaded Objects now: 2345.
Total: 4,775517 ms (FindLiveObjects: 0,320879 ms CreateObjectMapping: 0,147711 ms MarkObjects: 4,113384 ms  DeleteObjects: 0,190904 ms)

========================================================================
Received Prepare
Registering precompiled user dll's ...
Registered in 0,025186 seconds.
Begin MonoManager ReloadAssembly
Native extension for LinuxStandalone target not found
Native extension for WindowsStandalone target not found
Native extension for WebGL target not found
Refreshing native plugins compatible for Editor in 0,61 ms, found 1 plugins.
Preloading 0 native plugins for Editor in 0,00 ms.
Mono: successfully reloaded assembly
- Completed reload, in 32,634 seconds
Platform modules already initialized, skipping
Refreshing native plugins compatible for Editor in 0,84 ms, found 1 plugins.
Preloading 0 native plugins for Editor in 0,00 ms.
Unloading 1818 Unused Serialized files (Serialized files now loaded: 0)
System memory in use before: 79,6 MB.
System memory in use after: 79,6 MB.

Unloading 12 unused Assets to reduce memory usage. Loaded Objects now: 2349.
Total: 98,427627 ms (FindLiveObjects: 0,420191 ms CreateObjectMapping: 0,136877 ms MarkObjects: 73,703031 ms  DeleteObjects: 0,292743 ms)

========================================================================
Received Prepare
Registering precompiled user dll's ...
Registered in 0,001244 seconds.
Begin MonoManager ReloadAssembly
Native extension for LinuxStandalone target not found
Native extension for WindowsStandalone target not found
Native extension for WebGL target not found
Refreshing native plugins compatible for Editor in 0,57 ms, found 1 plugins.
Preloading 0 native plugins for Editor in 0,00 ms.
Mono: successfully reloaded assembly
- Completed reload, in  1,911 seconds
Platform modules already initialized, skipping
Refreshing native plugins compatible for Editor in 0,50 ms, found 1 plugins.
Preloading 0 native plugins for Editor in 0,00 ms.
Unloading 1818 Unused Serialized files (Serialized files now loaded: 0)
System memory in use before: 79,6 MB.
System memory in use after: 79,6 MB.

Unloading 12 unused Assets to reduce memory usage. Loaded Objects now: 2353.
Total: 5,838397 ms (FindLiveObjects: 0,364068 ms CreateObjectMapping: 0,349246 ms MarkObjects: 4,894412 ms  DeleteObjects: 0,227873 ms)

========================================================================
Received Prepare
Registering precompiled user dll's ...
Registered in 0,001034 seconds.
Begin MonoManager ReloadAssembly
Native extension for LinuxStandalone target not found
Native extension for WindowsStandalone target not found
Native extension for WebGL target not found
Refreshing native plugins compatible for Editor in 0,58 ms, found 1 plugins.
Preloading 0 native plugins for Editor in 0,00 ms.
Mono: successfully reloaded assembly
- Completed reload, in  1,667 seconds
Platform modules already initialized, skipping
Refreshing native plugins compatible for Editor in 0,85 ms, found 1 plugins.
Preloading 0 native plugins for Editor in 0,00 ms.
Unloading 1818 Unused Serialized files (Serialized files now loaded: 0)
System memory in use before: 79,6 MB.
System memory in use after: 79,6 MB.

Unloading 12 unused Assets to reduce memory usage. Loaded Objects now: 2357.
Total: 9,326417 ms (FindLiveObjects: 0,478223 ms CreateObjectMapping: 0,196265 ms MarkObjects: 8,435806 ms  DeleteObjects: 0,211432 ms)

========================================================================
Received Prepare
Registering precompiled user dll's ...
Registered in 0,000970 seconds.
Begin MonoManager ReloadAssembly
Native extension for LinuxStandalone target not found
Native extension for WindowsStandalone target not found
Native extension for WebGL target not found
Refreshing native plugins compatible for Editor in 0,53 ms, found 1 plugins.
Preloading 0 native plugins for Editor in 0,00 ms.
Mono: successfully reloaded assembly
- Completed reload, in  2,092 seconds
Platform modules already initialized, skipping
Refreshing native plugins compatible for Editor in 0,59 ms, found 1 plugins.
Preloading 0 native plugins for Editor in 0,00 ms.
Unloading 1818 Unused Serialized files (Serialized files now loaded: 0)
System memory in use before: 79,6 MB.
System memory in use after: 79,6 MB.

Unloading 12 unused Assets to reduce memory usage. Loaded Objects now: 2361.
Total: 5,971120 ms (FindLiveObjects: 0,361434 ms CreateObjectMapping: 0,147437 ms MarkObjects: 5,273746 ms  DeleteObjects: 0,185830 ms)

========================================================================
Received Prepare
Registering precompiled user dll's ...
Registered in 0,000973 seconds.
Begin MonoManager ReloadAssembly
Native extension for LinuxStandalone target not found
Native extension for WindowsStandalone target not found
Native extension for WebGL target not found
Refreshing native plugins compatible for Editor in 0,61 ms, found 1 plugins.
Preloading 0 native plugins for Editor in 0,00 ms.
Mono: successfully reloaded assembly
- Completed reload, in  1,991 seconds
Platform modules already initialized, skipping
Refreshing native plugins compatible for Editor in 0,59 ms, found 1 plugins.
Preloading 0 native plugins for Editor in 0,00 ms.
Unloading 1818 Unused Serialized files (Serialized files now loaded: 0)
System memory in use before: 79,6 MB.
System memory in use after: 79,6 MB.

Unloading 12 unused Assets to reduce memory usage. Loaded Objects now: 2365.
Total: 9,523698 ms (FindLiveObjects: 0,403403 ms CreateObjectMapping: 1,803881 ms MarkObjects: 7,067371 ms  DeleteObjects: 0,244087 ms)

========================================================================
Received Prepare
Registering precompiled user dll's ...
Registered in 0,001369 seconds.
Begin MonoManager ReloadAssembly
Native extension for LinuxStandalone target not found
Native extension for WindowsStandalone target not found
Native extension for WebGL target not found
Refreshing native plugins compatible for Editor in 0,54 ms, found 1 plugins.
Preloading 0 native plugins for Editor in 0,00 ms.
Mono: successfully reloaded assembly
- Completed reload, in  1,908 seconds
Platform modules already initialized, skipping
Refreshing native plugins compatible for Editor in 0,89 ms, found 1 plugins.
Preloading 0 native plugins for Editor in 0,00 ms.
Unloading 1818 Unused Serialized files (Serialized files now loaded: 0)
System memory in use before: 79,6 MB.
System memory in use after: 79,6 MB.

Unloading 12 unused Assets to reduce memory usage. Loaded Objects now: 2369.
Total: 17,576209 ms (FindLiveObjects: 0,525277 ms CreateObjectMapping: 0,226163 ms MarkObjects: 16,450812 ms  DeleteObjects: 0,368813 ms)

========================================================================
Received Prepare
Registering precompiled user dll's ...
Registered in 0,001040 seconds.
Begin MonoManager ReloadAssembly
Native extension for LinuxStandalone target not found
Native extension for WindowsStandalone target not found
Native extension for WebGL target not found
Refreshing native plugins compatible for Editor in 0,54 ms, found 1 plugins.
Preloading 0 native plugins for Editor in 0,00 ms.
Mono: successfully reloaded assembly
- Completed reload, in  1,900 seconds
Platform modules already initialized, skipping
Refreshing native plugins compatible for Editor in 0,62 ms, found 1 plugins.
Preloading 0 native plugins for Editor in 0,00 ms.
Unloading 1818 Unused Serialized files (Serialized files now loaded: 0)
System memory in use before: 79,6 MB.
System memory in use after: 79,6 MB.

Unloading 12 unused Assets to reduce memory usage. Loaded Objects now: 2373.
Total: 5,645009 ms (FindLiveObjects: 0,365079 ms CreateObjectMapping: 0,164621 ms MarkObjects: 4,929863 ms  DeleteObjects: 0,182551 ms)

========================================================================
Received Prepare
Registering precompiled user dll's ...
Registered in 0,017236 seconds.
Begin MonoManager ReloadAssembly
Native extension for LinuxStandalone target not found
Native extension for WindowsStandalone target not found
Native extension for WebGL target not found
Refreshing native plugins compatible for Editor in 0,70 ms, found 1 plugins.
Preloading 0 native plugins for Editor in 0,00 ms.
Mono: successfully reloaded assembly
- Completed reload, in  1,796 seconds
Platform modules already initialized, skipping
Refreshing native plugins compatible for Editor in 1,39 ms, found 1 plugins.
Preloading 0 native plugins for Editor in 0,00 ms.
Unloading 1818 Unused Serialized files (Serialized files now loaded: 0)
System memory in use before: 79,7 MB.
System memory in use after: 79,6 MB.

Unloading 12 unused Assets to reduce memory usage. Loaded Objects now: 2377.
Total: 11,173122 ms (FindLiveObjects: 2,184326 ms CreateObjectMapping: 0,188348 ms MarkObjects: 8,609742 ms  DeleteObjects: 0,187930 ms)

========================================================================
Received Prepare
Registering precompiled user dll's ...
Registered in 0,014205 seconds.
Begin MonoManager ReloadAssembly
Native extension for LinuxStandalone target not found
Native extension for WindowsStandalone target not found
Native extension for WebGL target not found
Refreshing native plugins compatible for Editor in 0,56 ms, found 1 plugins.
Preloading 0 native plugins for Editor in 0,00 ms.
Mono: successfully reloaded assembly
- Completed reload, in  2,884 seconds
Platform modules already initialized, skipping
Refreshing native plugins compatible for Editor in 0,84 ms, found 1 plugins.
Preloading 0 native plugins for Editor in 0,00 ms.
Unloading 1818 Unused Serialized files (Serialized files now loaded: 0)
System memory in use before: 79,7 MB.
System memory in use after: 79,7 MB.

Unloading 12 unused Assets to reduce memory usage. Loaded Objects now: 2381.
Total: 11,361725 ms (FindLiveObjects: 0,477303 ms CreateObjectMapping: 0,161984 ms MarkObjects: 10,535950 ms  DeleteObjects: 0,181709 ms)

