Using pre-set license
Desktop is 1366 x 768 @ 60 Hz

 COMMAND LINE ARGUMENTS:
Unity
-adb2
-batchMode
-noUpm
-name
AssetImportWorker11
-projectPath
/home/owarido/c-sharp-for-unity
-logFile
Logs/AssetImportWorker11.log
-srvPort
44821
Successfully changed project path to: /home/owarido/c-sharp-for-unity
/home/owarido/c-sharp-for-unity
Using Asset Import Pipeline V2.
Refreshing native plugins compatible for Editor in 4905,91 ms, found 1 plugins.
Preloading 0 native plugins for Editor in 0,00 ms.
Initialize engine version: 2020.3.4f1 (0abb6314276a)
[Subsystems] Discovering subsystems at path /home/owarido/Unity/Hub/Editor/2020.3.4f1/Editor/Data/Resources/UnitySubsystems
[Subsystems] Discovering subsystems at path /home/owarido/c-sharp-for-unity/Assets
